TN:
SF:/home/andrey/Documents/programming/school-21/tasks/s21_math/src/s21_abs.c
FN:3,6,s21_abs
FNDA:3,s21_abs
FNF:1
FNH:1
DA:3,3
DA:4,3
DA:5,3
LF:3
LH:3
end_of_record
TN:
SF:/home/andrey/Documents/programming/school-21/tasks/s21_math/src/s21_asin_acos_atan.c
FN:24,24,s21_atan
FN:26,29,s21_asin
FN:3,22,s21_atanl
FN:31,31,s21_acos
FNDA:19,s21_atan
FNDA:26,s21_asin
FNDA:78,s21_atanl
FNDA:13,s21_acos
FNF:4
FNH:4
DA:3,78
DA:4,78
DA:5,78
DA:6,68
DA:7,59
DA:8,43
DA:9,41
DA:10,7
DA:13,34
DA:16,510
DA:17,476
DA:19,476
DA:21,34
DA:24,19
DA:26,26
DA:27,26
DA:28,26
DA:31,13
LF:18
LH:18
end_of_record
TN:
SF:/home/andrey/Documents/programming/school-21/tasks/s21_math/src/s21_ceil.c
FN:3,10,s21_ceil
FNDA:5,s21_ceil
FNF:1
FNH:1
DA:3,5
DA:4,5
DA:5,5
DA:6,5
DA:7,5
DA:9,5
LF:6
LH:6
end_of_record
TN:
SF:/home/andrey/Documents/programming/school-21/tasks/s21_math/src/s21_exp.c
FN:5,21,s21_exp
FNDA:22013,s21_exp
FNF:1
FNH:1
DA:5,22013
DA:11,641794
DA:12,619782
DA:13,619782
DA:14,619782
DA:15,619782
DA:16,1
DA:17,1
DA:20,22013
LF:9
LH:9
end_of_record
TN:
SF:/home/andrey/Documents/programming/school-21/tasks/s21_math/src/s21_fabs.c
FN:3,6,s21_fabs
FNDA:641797,s21_fabs
FNF:1
FNH:1
DA:3,641797
DA:4,641797
DA:5,641797
LF:3
LH:3
end_of_record
TN:
SF:/home/andrey/Documents/programming/school-21/tasks/s21_math/src/s21_floor.c
FN:3,10,s21_floor
FNDA:7,s21_floor
FNF:1
FNH:1
DA:3,7
DA:4,7
DA:5,7
DA:6,7
DA:7,7
DA:9,7
LF:6
LH:6
end_of_record
TN:
SF:/home/andrey/Documents/programming/school-21/tasks/s21_math/src/s21_fmod.c
FN:3,13,s21_fmod
FNDA:6,s21_fmod
FNF:1
FNH:1
DA:3,6
DA:4,6
DA:5,6
DA:6,5
DA:7,4
DA:8,4
DA:10,1
DA:12,6
LF:8
LH:8
end_of_record
TN:
SF:/home/andrey/Documents/programming/school-21/tasks/s21_math/src/s21_log.c
FN:3,22,s21_log
FNDA:12,s21_log
FNF:1
FNH:1
DA:3,12
DA:4,12
DA:5,1
DA:8,11
DA:9,0
DA:15,11011
DA:17,22000
DA:18,11000
DA:21,11
LF:9
LH:8
end_of_record
TN:
SF:/home/andrey/Documents/programming/school-21/tasks/s21_math/src/s21_pow.c
FN:3,22,s21_pow
FNDA:11,s21_pow
FNF:1
FNH:1
DA:3,11
DA:6,11
DA:8,10
DA:10,9
DA:12,8
DA:13,7
DA:15,1
DA:16,1
DA:17,1
DA:18,0
LF:10
LH:9
end_of_record
TN:
SF:/home/andrey/Documents/programming/school-21/tasks/s21_math/src/s21_sin_cos_tan.c
FN:51,57,s21_sinl
FN:59,67,s21_cosl
FN:71,71,s21_sin
FN:73,73,s21_cos
FN:75,78,s21_tan
FNDA:2234,s21_sinl
FNDA:2234,s21_cosl
FNDA:3,s21_sin
FNDA:3,s21_cos
FNDA:3,s21_tan
FNF:5
FNH:5
DA:27,4472
DA:28,4
DA:30,4478
DA:31,10
DA:39,1120
DA:40,23520
DA:41,21280
DA:42,21280
DA:51,2234
DA:53,2234
DA:54,1114
DA:56,2240
DA:59,2234
DA:61,2234
DA:62,1114
DA:63,1114
DA:64,1114
DA:71,3
DA:73,6
DA:75,3
DA:76,3
DA:77,3
LF:22
LH:22
end_of_record
TN:
SF:/home/andrey/Documents/programming/school-21/tasks/s21_math/src/s21_sqrt.c
FN:3,16,s21_sqrt
FNDA:110,s21_sqrt
FNF:1
FNH:1
DA:3,110
DA:4,110
DA:5,5
DA:6,105
DA:7,1
DA:8,104
DA:11,99
DA:12,5049
DA:13,4950
LF:9
LH:9
end_of_record
